<?xml version="1.0" encoding="UTF-8"?>
<testng-results skipped="0" failed="0" total="1" passed="1">
  <reporter-output>
  </reporter-output>
  <suite name="Default suite" duration-ms="11599" started-at="2020-08-26T20:55:53Z" finished-at="2020-08-26T20:56:05Z">
    <groups>
    </groups>
    <test name="Default test" duration-ms="11599" started-at="2020-08-26T20:55:53Z" finished-at="2020-08-26T20:56:05Z">
      <class name="com.phipgn.selenium.demo.DemoTest">
        <test-method status="PASS" signature="beforeMethod()" name="beforeMethod" is-config="true" duration-ms="6157" started-at="2020-08-26T20:55:53Z" finished-at="2020-08-26T20:56:00Z">
        </test-method>
        <test-method status="PASS" signature="test01()" name="test01" duration-ms="8" started-at="2020-08-26T20:56:00Z" finished-at="2020-08-26T20:56:00Z">
        </test-method>
        <test-method status="PASS" signature="afterMethod()" name="afterMethod" is-config="true" duration-ms="5423" started-at="2020-08-26T20:56:00Z" finished-at="2020-08-26T20:56:05Z">
        </test-method>
      </class>
    </test>
  </suite>
</testng-results>
